2023-11-13 13:43:55,014 [INFO] from com.jpro.activity in scala-execution-context-global-30 - Starting the server
2023-11-13 13:43:55,016 [INFO] from com.jpro.internal.server.JProInitializer$ in scala-execution-context-global-30 -  *** Starting JPro: https://www.jpro.one/ ***
2023-11-13 13:43:55,016 [INFO] from com.jpro.internal.server.JProInitializer$ in scala-execution-context-global-30 - OS: Windows 11
2023-11-13 13:43:55,031 [INFO] from com.jpro.internal.server.JProInitializer$ in scala-execution-context-global-30 - JPro: 9999.9.9
2023-11-13 13:43:55,031 [INFO] from com.jpro.internal.server.JProInitializer$ in scala-execution-context-global-30 - Java version: 17.0.5
2023-11-13 13:43:55,031 [INFO] from com.jpro.internal.server.JProInitializer$ in scala-execution-context-global-30 - JVM: 17.0.5 Oracle Corporation
2023-11-13 13:43:55,032 [INFO] from com.jpro.internal.server.JProInitializer$ in scala-execution-context-global-30 - JavaFX jar: file:/C:/Users/Admin/.m2/repository/org/openjfx/javafx-graphics/21.0.2.3-jpro+0/javafx-graphics-21.0.2.3-jpro+0-win.jar
2023-11-13 13:43:55,035 [INFO] from com.jpro.internal.server.JProInitializer$ in scala-execution-context-global-30 - Configuring logging from url: 'jar:file:/C:/Users/Admin/.m2/repository/com/sandec/jpro/jpro-server_2.12/9999.9.9/jpro-server_2.12-9999.9.9.jar!/logback-jpro-default.xml'
2023-11-13 13:43:55,324 [INFO] from com.jpro.internal.server.JProInitializer$ in JavaFX Application Thread - JavaFX version: 21.0.2.3-jpro+0-2023-09-27T13-12-33Z
2023-11-13 13:43:55,389 [INFO] from com.jpro.internal.server.JProInitializer$ in scala-execution-context-global-30 - finished init!
2023-11-13 13:43:55,392 [INFO] from com.jpro.internal.server.JProInitializer$ in scala-execution-context-global-30 - [JPro] -> Server started: {start_time: 1699857835014, os_name: Windows 11, jpro_version: 9999.9.9}
2023-11-13 13:43:55,709 [INFO] from akka.event.slf4j.Slf4jLogger in application-akka.actor.default-dispatcher-5 - Slf4jLogger started
2023-11-13 13:43:56,103 [INFO] from play.api.Play in Thread-0 - Application started (Prod) (no global state)
2023-11-13 13:43:56,438 [INFO] from play.core.server.AkkaHttpServer in Thread-0 - Enabling HTTP/2 on Akka HTTP server...
2023-11-13 13:43:56,438 [INFO] from play.core.server.AkkaHttpServer in Thread-0 - Listening for HTTP on /[0:0:0:0:0:0:0:0]:8080
2023-11-13 13:43:57,132 [INFO] from controllers.jpro in application-akka.actor.default-dispatcher-11 - application requested: default
2023-11-13 13:43:57,140 [INFO] from controllers.jpro in application-akka.actor.default-dispatcher-11 - Creating Application: default
2023-11-13 13:43:57,141 [INFO] from controllers.jpro in application-akka.actor.default-dispatcher-11 - remoteAddress 0:0:0:0:0:0:0:1
2023-11-13 13:43:57,143 [INFO] from controllers.jpro in application-akka.actor.default-dispatcher-11 - host          localhost:8080
2023-11-13 13:43:57,143 [INFO] from controllers.jpro in application-akka.actor.default-dispatcher-11 - uri           /app/ws/default
2023-11-13 13:43:57,359 [INFO] from com.jpro.internal.stats.ViewInfo$ in JavaFX Application Thread - [JPro] -> View created: {app_name: default, host_name: localhost:8080, instance_id: 909175122, browser: Microsoft Edge 119.0.0.0, browser_url: http://localhost:8080/, client_ip: 0:0:0:0:0:0:0:1}
2023-11-13 13:43:59,761 [INFO] from com.jpro.internal.communicator.InstanceImpl in JavaFX Application Thread - [JPro] -> Instance created: {app_name: default, host_name: localhost:8080, instance_id: 909175122, browser: Microsoft Edge 119.0.0.0, browser_url: http://localhost:8080/, client_ip: 0:0:0:0:0:0:0:1}
2023-11-13 13:44:00,082 [INFO] from com.jpro.meta.stream.Util$ in JavaFX Application Thread - workaround for image, lossless: true filetype: png img: javafx.scene.image.Image@3ceda37f
2023-11-13 13:44:00,151 [INFO] from com.jpro.meta.stream.Util$ in JavaFX Application Thread - workaround for image, lossless: true filetype: png img: javafx.scene.image.Image@2c0e5748
2023-11-13 13:44:00,205 [INFO] from com.jpro.meta.stream.Util$ in JavaFX Application Thread - workaround for image, lossless: true filetype: png img: javafx.scene.image.Image@50602f2f
2023-11-13 13:44:00,238 [INFO] from com.jpro.meta.stream.Util$ in JavaFX Application Thread - workaround for image, lossless: true filetype: png img: javafx.scene.image.Image@15743a82
2023-11-13 13:44:00,281 [INFO] from com.jpro.meta.stream.Util$ in JavaFX Application Thread - workaround for image, lossless: true filetype: png img: javafx.scene.image.Image@1b355388
2023-11-13 13:44:00,311 [INFO] from com.jpro.meta.stream.Util$ in JavaFX Application Thread - workaround for image, lossless: true filetype: png img: javafx.scene.image.Image@6f9bc0b8
2023-11-13 13:44:00,352 [INFO] from com.jpro.meta.stream.Util$ in JavaFX Application Thread - workaround for image, lossless: true filetype: png img: javafx.scene.image.Image@123bdcbb
2023-11-13 13:44:00,382 [INFO] from com.jpro.meta.stream.Util$ in JavaFX Application Thread - workaround for image, lossless: true filetype: png img: javafx.scene.image.Image@458facf
2023-11-13 13:44:00,404 [INFO] from com.jpro.meta.stream.Util$ in JavaFX Application Thread - workaround for image, lossless: true filetype: png img: javafx.scene.image.Image@508b1292
2023-11-13 13:44:00,448 [INFO] from com.jpro.meta.stream.Util$ in JavaFX Application Thread - workaround for image, lossless: true filetype: png img: javafx.scene.image.Image@24c3dfbb
2023-11-13 13:44:00,469 [INFO] from com.jpro.meta.stream.Util$ in JavaFX Application Thread - workaround for image, lossless: true filetype: png img: javafx.scene.image.Image@43aa85e7
2023-11-13 13:44:00,487 [INFO] from com.jpro.meta.stream.Util$ in JavaFX Application Thread - workaround for image, lossless: true filetype: png img: javafx.scene.image.Image@1a124cb7
2023-11-13 13:44:00,507 [INFO] from com.jpro.meta.stream.Util$ in JavaFX Application Thread - workaround for image, lossless: true filetype: png img: javafx.scene.image.Image@6fca608d
2023-11-13 13:44:00,526 [INFO] from com.jpro.meta.stream.Util$ in JavaFX Application Thread - workaround for image, lossless: true filetype: png img: javafx.scene.image.Image@573d1e96
2023-11-13 13:44:00,544 [INFO] from com.jpro.meta.stream.Util$ in JavaFX Application Thread - workaround for image, lossless: true filetype: png img: javafx.scene.image.Image@3e9df8e9
2023-11-13 13:44:00,566 [INFO] from com.jpro.meta.stream.Util$ in JavaFX Application Thread - workaround for image, lossless: true filetype: png img: javafx.scene.image.Image@2273b85a
2023-11-13 13:44:00,604 [INFO] from com.jpro.meta.stream.Util$ in JavaFX Application Thread - workaround for image, lossless: true filetype: png img: javafx.scene.image.Image@30c1871d
2023-11-13 13:44:00,637 [INFO] from com.jpro.meta.stream.Util$ in JavaFX Application Thread - workaround for image, lossless: true filetype: png img: javafx.scene.image.Image@7dc3ffc5
2023-11-13 13:44:00,656 [INFO] from com.jpro.meta.stream.Util$ in JavaFX Application Thread - workaround for image, lossless: true filetype: png img: javafx.scene.image.Image@75d5bcc7
2023-11-13 13:44:00,672 [INFO] from com.jpro.meta.stream.Util$ in JavaFX Application Thread - workaround for image, lossless: true filetype: png img: javafx.scene.image.Image@76d00992
2023-11-13 13:44:00,700 [INFO] from com.jpro.meta.stream.Util$ in JavaFX Application Thread - workaround for image, lossless: true filetype: png img: javafx.scene.image.Image@7e6977bf
2023-11-13 13:44:00,715 [INFO] from com.jpro.meta.stream.Util$ in JavaFX Application Thread - workaround for image, lossless: true filetype: png img: javafx.scene.image.Image@6abe74f4
2023-11-13 13:44:00,734 [INFO] from com.jpro.meta.stream.Util$ in JavaFX Application Thread - workaround for image, lossless: true filetype: png img: javafx.scene.image.Image@89d101d
2023-11-13 13:44:00,752 [INFO] from com.jpro.meta.stream.Util$ in JavaFX Application Thread - workaround for image, lossless: true filetype: png img: javafx.scene.image.Image@7b1cf4bf
2023-11-13 13:44:00,782 [INFO] from com.jpro.meta.stream.Util$ in JavaFX Application Thread - workaround for image, lossless: true filetype: png img: javafx.scene.image.Image@60ffd6bc
2023-11-13 13:44:00,802 [INFO] from com.jpro.meta.stream.Util$ in JavaFX Application Thread - workaround for image, lossless: true filetype: png img: javafx.scene.image.Image@7fbd72e8
2023-11-13 13:44:00,832 [INFO] from com.jpro.meta.stream.Util$ in JavaFX Application Thread - workaround for image, lossless: true filetype: png img: javafx.scene.image.Image@24f74c7b
2023-11-13 13:44:00,862 [INFO] from com.jpro.meta.stream.Util$ in JavaFX Application Thread - workaround for image, lossless: true filetype: png img: javafx.scene.image.Image@2c0191e2
2023-11-13 13:44:00,892 [INFO] from com.jpro.meta.stream.Util$ in JavaFX Application Thread - workaround for image, lossless: true filetype: png img: javafx.scene.image.Image@646a433b
2023-11-13 13:44:00,912 [INFO] from com.jpro.meta.stream.Util$ in JavaFX Application Thread - workaround for image, lossless: true filetype: png img: javafx.scene.image.Image@4bdfd902
2023-11-13 13:44:00,931 [INFO] from com.jpro.meta.stream.Util$ in JavaFX Application Thread - workaround for image, lossless: true filetype: png img: javafx.scene.image.Image@276fd1e3
2023-11-13 13:44:00,950 [INFO] from com.jpro.meta.stream.Util$ in JavaFX Application Thread - workaround for image, lossless: true filetype: png img: javafx.scene.image.Image@7d4b57ba
2023-11-13 13:44:00,969 [INFO] from com.jpro.meta.stream.Util$ in JavaFX Application Thread - workaround for image, lossless: true filetype: png img: javafx.scene.image.Image@375f6f65
2023-11-13 13:44:00,997 [INFO] from com.jpro.meta.stream.Util$ in JavaFX Application Thread - workaround for image, lossless: true filetype: png img: javafx.scene.image.Image@5cce9f38
2023-11-13 13:44:01,023 [INFO] from com.jpro.meta.stream.Util$ in JavaFX Application Thread - workaround for image, lossless: true filetype: png img: javafx.scene.image.Image@7e281ac5
2023-11-13 13:44:01,042 [INFO] from com.jpro.meta.stream.Util$ in JavaFX Application Thread - workaround for image, lossless: true filetype: png img: javafx.scene.image.Image@5198d5f7
2023-11-13 13:44:01,069 [INFO] from com.jpro.meta.stream.Util$ in JavaFX Application Thread - workaround for image, lossless: true filetype: png img: javafx.scene.image.Image@43495a9f
2023-11-13 13:44:01,088 [INFO] from com.jpro.meta.stream.Util$ in JavaFX Application Thread - workaround for image, lossless: true filetype: png img: javafx.scene.image.Image@480a8f87
2023-11-13 13:44:01,107 [INFO] from com.jpro.meta.stream.Util$ in JavaFX Application Thread - workaround for image, lossless: true filetype: png img: javafx.scene.image.Image@34097b5d
2023-11-13 13:44:01,125 [INFO] from com.jpro.meta.stream.Util$ in JavaFX Application Thread - workaround for image, lossless: true filetype: png img: javafx.scene.image.Image@4b421932
2023-11-13 13:44:01,151 [INFO] from com.jpro.meta.stream.Util$ in JavaFX Application Thread - workaround for image, lossless: true filetype: png img: javafx.scene.image.Image@62941a14
2023-11-13 13:44:01,170 [INFO] from com.jpro.meta.stream.Util$ in JavaFX Application Thread - workaround for image, lossless: true filetype: png img: javafx.scene.image.Image@23e9b6e
2023-11-13 13:44:01,187 [INFO] from com.jpro.meta.stream.Util$ in JavaFX Application Thread - workaround for image, lossless: true filetype: png img: javafx.scene.image.Image@211e3f78
2023-11-13 13:44:01,212 [INFO] from com.jpro.meta.stream.Util$ in JavaFX Application Thread - workaround for image, lossless: true filetype: png img: javafx.scene.image.Image@1652705b
2023-11-13 13:44:01,237 [INFO] from com.jpro.meta.stream.Util$ in JavaFX Application Thread - workaround for image, lossless: true filetype: png img: javafx.scene.image.Image@387ab649
2023-11-13 13:44:01,263 [INFO] from com.jpro.meta.stream.Util$ in JavaFX Application Thread - workaround for image, lossless: true filetype: png img: javafx.scene.image.Image@4bd7ad44
2023-11-13 13:44:01,292 [INFO] from com.jpro.meta.stream.Util$ in JavaFX Application Thread - workaround for image, lossless: true filetype: png img: javafx.scene.image.Image@3dda17b4
2023-11-13 13:44:01,316 [INFO] from com.jpro.meta.stream.Util$ in JavaFX Application Thread - workaround for image, lossless: true filetype: png img: javafx.scene.image.Image@414d2eeb
2023-11-13 13:44:01,334 [INFO] from com.jpro.meta.stream.Util$ in JavaFX Application Thread - workaround for image, lossless: true filetype: png img: javafx.scene.image.Image@23efb263
2023-11-13 13:44:01,351 [INFO] from com.jpro.meta.stream.Util$ in JavaFX Application Thread - workaround for image, lossless: true filetype: png img: javafx.scene.image.Image@1defe4a0
2023-11-13 13:44:01,369 [INFO] from com.jpro.meta.stream.Util$ in JavaFX Application Thread - workaround for image, lossless: true filetype: png img: javafx.scene.image.Image@1ec73d81
2023-11-13 13:44:01,383 [INFO] from com.jpro.meta.stream.Util$ in JavaFX Application Thread - workaround for image, lossless: true filetype: png img: javafx.scene.image.Image@5841c115
2023-11-13 13:44:01,404 [INFO] from com.jpro.meta.stream.Util$ in JavaFX Application Thread - workaround for image, lossless: true filetype: png img: javafx.scene.image.Image@3182fda0
2023-11-13 13:44:01,426 [INFO] from com.jpro.meta.stream.Util$ in JavaFX Application Thread - workaround for image, lossless: true filetype: png img: javafx.scene.image.Image@7d087a91
2023-11-13 13:44:01,446 [INFO] from com.jpro.meta.stream.Util$ in JavaFX Application Thread - workaround for image, lossless: true filetype: png img: javafx.scene.image.Image@39cd0ecf
2023-11-13 13:44:01,465 [INFO] from com.jpro.meta.stream.Util$ in JavaFX Application Thread - workaround for image, lossless: true filetype: png img: javafx.scene.image.Image@4d5687e4
2023-11-13 13:44:01,489 [INFO] from com.jpro.meta.stream.Util$ in JavaFX Application Thread - workaround for image, lossless: true filetype: png img: javafx.scene.image.Image@47f2d437
2023-11-13 13:44:01,507 [INFO] from com.jpro.meta.stream.Util$ in JavaFX Application Thread - workaround for image, lossless: true filetype: png img: javafx.scene.image.Image@1cfdd4cd
2023-11-13 13:44:01,529 [INFO] from com.jpro.meta.stream.Util$ in JavaFX Application Thread - workaround for image, lossless: true filetype: png img: javafx.scene.image.Image@62f990ec
2023-11-13 13:44:01,546 [INFO] from com.jpro.meta.stream.Util$ in JavaFX Application Thread - workaround for image, lossless: true filetype: png img: javafx.scene.image.Image@3a40d33b
2023-11-13 13:44:01,576 [INFO] from com.jpro.meta.stream.Util$ in JavaFX Application Thread - workaround for image, lossless: true filetype: png img: javafx.scene.image.Image@634da9c2
2023-11-13 13:44:01,590 [INFO] from com.jpro.meta.stream.Util$ in JavaFX Application Thread - workaround for image, lossless: true filetype: png img: javafx.scene.image.Image@551f846
2023-11-13 13:44:01,603 [INFO] from com.jpro.meta.stream.Util$ in JavaFX Application Thread - workaround for image, lossless: true filetype: png img: javafx.scene.image.Image@3fd78544
2023-11-13 13:44:01,630 [INFO] from com.jpro.meta.stream.Util$ in JavaFX Application Thread - workaround for image, lossless: true filetype: png img: javafx.scene.image.Image@65c48b07
2023-11-13 13:44:01,652 [INFO] from com.jpro.meta.stream.Util$ in JavaFX Application Thread - workaround for image, lossless: true filetype: png img: javafx.scene.image.Image@2f6ef1f5
2023-11-13 13:44:01,671 [INFO] from com.jpro.meta.stream.Util$ in JavaFX Application Thread - workaround for image, lossless: true filetype: png img: javafx.scene.image.Image@45c9ccb7
2023-11-13 13:44:01,688 [INFO] from com.jpro.meta.stream.Util$ in JavaFX Application Thread - workaround for image, lossless: true filetype: png img: javafx.scene.image.Image@398259ca
2023-11-13 13:44:08,541 [INFO] from com.jpro.internal.stats.ViewInfo$ in JavaFX Application Thread - [JPro] -> View closed: {app_name: default, host_name: localhost:8080, instance_id: 909175122, browser: Microsoft Edge 119.0.0.0, browser_url: http://localhost:8080/, client_ip: 0:0:0:0:0:0:0:1, reason: tab-closed}
2023-11-13 13:44:08,547 [INFO] from com.jpro.internal.stats.ViewInfo$ in JavaFX Application Thread - 
2023-11-13 13:44:08,547 [INFO] from com.jpro.internal.stats.ViewInfo$ in JavaFX Application Thread - Application closed:
2023-11-13 13:44:08,552 [INFO] from com.jpro.internal.stats.ViewInfo$ in JavaFX Application Thread - startTime      : Mon Nov 13 13:44:08 ICT 2023      
2023-11-13 13:44:08,552 [INFO] from com.jpro.internal.stats.ViewInfo$ in JavaFX Application Thread - averageLatency : 00:00:00.000 
2023-11-13 13:44:08,552 [INFO] from com.jpro.internal.stats.ViewInfo$ in JavaFX Application Thread - averageJitter  : 00:00:00.000  
2023-11-13 13:44:08,552 [INFO] from com.jpro.internal.stats.ViewInfo$ in JavaFX Application Thread - framerateServer: 00:00:00.000
2023-11-13 13:44:08,553 [INFO] from com.jpro.internal.stats.ViewInfo$ in JavaFX Application Thread - framerateClient: 00:00:00.000
2023-11-13 13:44:08,553 [INFO] from com.jpro.internal.stats.ViewInfo$ in JavaFX Application Thread - raw            : 889028
2023-11-13 13:44:08,553 [INFO] from com.jpro.internal.stats.ViewInfo$ in JavaFX Application Thread - zipped         : 125960
2023-11-13 13:44:08,553 [INFO] from com.jpro.internal.stats.ViewInfo$ in JavaFX Application Thread - 
2023-11-13 13:44:09,536 [INFO] from com.jpro.internal.communicator.InstanceImpl in JavaFX Application Thread - [JPro] -> Instance closed: {app_name: default, host_name: localhost:8080, instance_id: 909175122, browser: Microsoft Edge 119.0.0.0, browser_url: http://localhost:8080/, client_ip: 0:0:0:0:0:0:0:1, reason: close-tab-closed}
2023-11-13 13:44:32,023 [INFO] from com.jpro.activity in scala-execution-context-global-30 - Starting the server
2023-11-13 13:44:32,024 [INFO] from com.jpro.internal.server.JProInitializer$ in scala-execution-context-global-30 -  *** Starting JPro: https://www.jpro.one/ ***
2023-11-13 13:44:32,024 [INFO] from com.jpro.internal.server.JProInitializer$ in scala-execution-context-global-30 - OS: Windows 11
2023-11-13 13:44:32,041 [INFO] from com.jpro.internal.server.JProInitializer$ in scala-execution-context-global-30 - JPro: 9999.9.9
2023-11-13 13:44:32,041 [INFO] from com.jpro.internal.server.JProInitializer$ in scala-execution-context-global-30 - Java version: 17.0.5
2023-11-13 13:44:32,041 [INFO] from com.jpro.internal.server.JProInitializer$ in scala-execution-context-global-30 - JVM: 17.0.5 Oracle Corporation
2023-11-13 13:44:32,043 [INFO] from com.jpro.internal.server.JProInitializer$ in scala-execution-context-global-30 - JavaFX jar: file:/C:/Users/Admin/.m2/repository/org/openjfx/javafx-graphics/21.0.2.3-jpro+0/javafx-graphics-21.0.2.3-jpro+0-win.jar
2023-11-13 13:44:32,045 [INFO] from com.jpro.internal.server.JProInitializer$ in scala-execution-context-global-30 - Configuring logging from url: 'jar:file:/C:/Users/Admin/.m2/repository/com/sandec/jpro/jpro-server_2.12/9999.9.9/jpro-server_2.12-9999.9.9.jar!/logback-jpro-default.xml'
2023-11-13 13:44:32,302 [INFO] from com.jpro.internal.server.JProInitializer$ in JavaFX Application Thread - JavaFX version: 21.0.2.3-jpro+0-2023-09-27T13-12-33Z
2023-11-13 13:44:32,365 [INFO] from com.jpro.internal.server.JProInitializer$ in scala-execution-context-global-30 - finished init!
2023-11-13 13:44:32,367 [INFO] from com.jpro.internal.server.JProInitializer$ in scala-execution-context-global-30 - [JPro] -> Server started: {start_time: 1699857872022, os_name: Windows 11, jpro_version: 9999.9.9}
2023-11-13 13:44:32,718 [INFO] from akka.event.slf4j.Slf4jLogger in application-akka.actor.default-dispatcher-5 - Slf4jLogger started
2023-11-13 13:44:33,103 [INFO] from play.api.Play in Thread-0 - Application started (Prod) (no global state)
2023-11-13 13:44:33,428 [INFO] from play.core.server.AkkaHttpServer in Thread-0 - Enabling HTTP/2 on Akka HTTP server...
2023-11-13 13:44:33,429 [INFO] from play.core.server.AkkaHttpServer in Thread-0 - Listening for HTTP on /[0:0:0:0:0:0:0:0]:8080
2023-11-13 13:44:44,609 [INFO] from controllers.jpro in application-akka.actor.default-dispatcher-9 - application requested: default
2023-11-13 13:44:44,615 [INFO] from controllers.jpro in application-akka.actor.default-dispatcher-9 - Creating Application: default
2023-11-13 13:44:44,617 [INFO] from controllers.jpro in application-akka.actor.default-dispatcher-9 - remoteAddress 0:0:0:0:0:0:0:1
2023-11-13 13:44:44,618 [INFO] from controllers.jpro in application-akka.actor.default-dispatcher-9 - host          localhost:8080
2023-11-13 13:44:44,618 [INFO] from controllers.jpro in application-akka.actor.default-dispatcher-9 - uri           /app/ws/default
2023-11-13 13:44:44,847 [INFO] from com.jpro.internal.stats.ViewInfo$ in JavaFX Application Thread - [JPro] -> View created: {app_name: default, host_name: localhost:8080, instance_id: 368740950, browser: Microsoft Edge 119.0.0.0, browser_url: http://localhost:8080/, client_ip: 0:0:0:0:0:0:0:1}
2023-11-13 13:44:47,575 [INFO] from com.jpro.internal.communicator.InstanceImpl in JavaFX Application Thread - [JPro] -> Instance created: {app_name: default, host_name: localhost:8080, instance_id: 368740950, browser: Microsoft Edge 119.0.0.0, browser_url: http://localhost:8080/, client_ip: 0:0:0:0:0:0:0:1}
2023-11-13 13:44:47,992 [INFO] from com.jpro.meta.stream.Util$ in JavaFX Application Thread - workaround for image, lossless: true filetype: png img: javafx.scene.image.Image@22fd1ee8
2023-11-13 13:44:48,084 [INFO] from com.jpro.meta.stream.Util$ in JavaFX Application Thread - workaround for image, lossless: true filetype: png img: javafx.scene.image.Image@7b59d36b
2023-11-13 13:44:48,140 [INFO] from com.jpro.meta.stream.Util$ in JavaFX Application Thread - workaround for image, lossless: true filetype: png img: javafx.scene.image.Image@16e8d332
2023-11-13 13:44:48,176 [INFO] from com.jpro.meta.stream.Util$ in JavaFX Application Thread - workaround for image, lossless: true filetype: png img: javafx.scene.image.Image@48d9bed8
2023-11-13 13:44:48,224 [INFO] from com.jpro.meta.stream.Util$ in JavaFX Application Thread - workaround for image, lossless: true filetype: png img: javafx.scene.image.Image@78203b73
2023-11-13 13:44:48,252 [INFO] from com.jpro.meta.stream.Util$ in JavaFX Application Thread - workaround for image, lossless: true filetype: png img: javafx.scene.image.Image@729b1114
2023-11-13 13:44:48,302 [INFO] from com.jpro.meta.stream.Util$ in JavaFX Application Thread - workaround for image, lossless: true filetype: png img: javafx.scene.image.Image@52a377e4
2023-11-13 13:44:48,353 [INFO] from com.jpro.meta.stream.Util$ in JavaFX Application Thread - workaround for image, lossless: true filetype: png img: javafx.scene.image.Image@4ac9e5bf
2023-11-13 13:44:48,404 [INFO] from com.jpro.meta.stream.Util$ in JavaFX Application Thread - workaround for image, lossless: true filetype: png img: javafx.scene.image.Image@629e4dc0
2023-11-13 13:44:48,439 [INFO] from com.jpro.meta.stream.Util$ in JavaFX Application Thread - workaround for image, lossless: true filetype: png img: javafx.scene.image.Image@5f0b4485
2023-11-13 13:44:48,487 [INFO] from com.jpro.meta.stream.Util$ in JavaFX Application Thread - workaround for image, lossless: true filetype: png img: javafx.scene.image.Image@50d1bd6e
2023-11-13 13:44:48,513 [INFO] from com.jpro.meta.stream.Util$ in JavaFX Application Thread - workaround for image, lossless: true filetype: png img: javafx.scene.image.Image@2c79fa90
2023-11-13 13:44:48,540 [INFO] from com.jpro.meta.stream.Util$ in JavaFX Application Thread - workaround for image, lossless: true filetype: png img: javafx.scene.image.Image@37840a42
2023-11-13 13:44:48,597 [INFO] from com.jpro.meta.stream.Util$ in JavaFX Application Thread - workaround for image, lossless: true filetype: png img: javafx.scene.image.Image@4f3e032f
2023-11-13 13:44:48,631 [INFO] from com.jpro.meta.stream.Util$ in JavaFX Application Thread - workaround for image, lossless: true filetype: png img: javafx.scene.image.Image@136b4e64
2023-11-13 13:44:48,662 [INFO] from com.jpro.meta.stream.Util$ in JavaFX Application Thread - workaround for image, lossless: true filetype: png img: javafx.scene.image.Image@be032c5
2023-11-13 13:44:48,705 [INFO] from com.jpro.meta.stream.Util$ in JavaFX Application Thread - workaround for image, lossless: true filetype: png img: javafx.scene.image.Image@6363f919
2023-11-13 13:44:48,731 [INFO] from com.jpro.meta.stream.Util$ in JavaFX Application Thread - workaround for image, lossless: true filetype: png img: javafx.scene.image.Image@5dddb271
2023-11-13 13:44:48,775 [INFO] from com.jpro.meta.stream.Util$ in JavaFX Application Thread - workaround for image, lossless: true filetype: png img: javafx.scene.image.Image@639a32f1
2023-11-13 13:44:48,804 [INFO] from com.jpro.meta.stream.Util$ in JavaFX Application Thread - workaround for image, lossless: true filetype: png img: javafx.scene.image.Image@5cc295a1
2023-11-13 13:44:48,844 [INFO] from com.jpro.meta.stream.Util$ in JavaFX Application Thread - workaround for image, lossless: true filetype: png img: javafx.scene.image.Image@3824c42f
2023-11-13 13:44:48,868 [INFO] from com.jpro.meta.stream.Util$ in JavaFX Application Thread - workaround for image, lossless: true filetype: png img: javafx.scene.image.Image@26f6e11d
2023-11-13 13:44:48,905 [INFO] from com.jpro.meta.stream.Util$ in JavaFX Application Thread - workaround for image, lossless: true filetype: png img: javafx.scene.image.Image@62eee52f
2023-11-13 13:44:48,928 [INFO] from com.jpro.meta.stream.Util$ in JavaFX Application Thread - workaround for image, lossless: true filetype: png img: javafx.scene.image.Image@7e050b1a
2023-11-13 13:44:48,956 [INFO] from com.jpro.meta.stream.Util$ in JavaFX Application Thread - workaround for image, lossless: true filetype: png img: javafx.scene.image.Image@6696d543
2023-11-13 13:44:48,984 [INFO] from com.jpro.meta.stream.Util$ in JavaFX Application Thread - workaround for image, lossless: true filetype: png img: javafx.scene.image.Image@bb6b38c
2023-11-13 13:44:49,021 [INFO] from com.jpro.meta.stream.Util$ in JavaFX Application Thread - workaround for image, lossless: true filetype: png img: javafx.scene.image.Image@13aef7c6
2023-11-13 13:44:49,059 [INFO] from com.jpro.meta.stream.Util$ in JavaFX Application Thread - workaround for image, lossless: true filetype: png img: javafx.scene.image.Image@6a7ac00d
2023-11-13 13:44:49,078 [INFO] from com.jpro.meta.stream.Util$ in JavaFX Application Thread - workaround for image, lossless: true filetype: png img: javafx.scene.image.Image@58db8e65
2023-11-13 13:44:49,108 [INFO] from com.jpro.meta.stream.Util$ in JavaFX Application Thread - workaround for image, lossless: true filetype: png img: javafx.scene.image.Image@81d7dc5
2023-11-13 13:44:49,137 [INFO] from com.jpro.meta.stream.Util$ in JavaFX Application Thread - workaround for image, lossless: true filetype: png img: javafx.scene.image.Image@44cfa765
2023-11-13 13:44:49,175 [INFO] from com.jpro.meta.stream.Util$ in JavaFX Application Thread - workaround for image, lossless: true filetype: png img: javafx.scene.image.Image@74c5cd80
2023-11-13 13:44:49,212 [INFO] from com.jpro.meta.stream.Util$ in JavaFX Application Thread - workaround for image, lossless: true filetype: png img: javafx.scene.image.Image@213105c8
2023-11-13 13:44:49,244 [INFO] from com.jpro.meta.stream.Util$ in JavaFX Application Thread - workaround for image, lossless: true filetype: png img: javafx.scene.image.Image@6947712b
2023-11-13 13:44:49,279 [INFO] from com.jpro.meta.stream.Util$ in JavaFX Application Thread - workaround for image, lossless: true filetype: png img: javafx.scene.image.Image@5cd1e5d8
2023-11-13 13:44:49,308 [INFO] from com.jpro.meta.stream.Util$ in JavaFX Application Thread - workaround for image, lossless: true filetype: png img: javafx.scene.image.Image@62702ace
2023-11-13 13:44:49,345 [INFO] from com.jpro.meta.stream.Util$ in JavaFX Application Thread - workaround for image, lossless: true filetype: png img: javafx.scene.image.Image@2639bc7
2023-11-13 13:44:49,363 [INFO] from com.jpro.meta.stream.Util$ in JavaFX Application Thread - workaround for image, lossless: true filetype: png img: javafx.scene.image.Image@22ce1784
2023-11-13 13:44:49,392 [INFO] from com.jpro.meta.stream.Util$ in JavaFX Application Thread - workaround for image, lossless: true filetype: png img: javafx.scene.image.Image@452d9d2d
2023-11-13 13:44:49,417 [INFO] from com.jpro.meta.stream.Util$ in JavaFX Application Thread - workaround for image, lossless: true filetype: png img: javafx.scene.image.Image@4e29578e
2023-11-13 13:44:49,436 [INFO] from com.jpro.meta.stream.Util$ in JavaFX Application Thread - workaround for image, lossless: true filetype: png img: javafx.scene.image.Image@3b771087
2023-11-13 13:44:49,458 [INFO] from com.jpro.meta.stream.Util$ in JavaFX Application Thread - workaround for image, lossless: true filetype: png img: javafx.scene.image.Image@280f4244
2023-11-13 13:44:49,495 [INFO] from com.jpro.meta.stream.Util$ in JavaFX Application Thread - workaround for image, lossless: true filetype: png img: javafx.scene.image.Image@15470c73
2023-11-13 13:44:49,520 [INFO] from com.jpro.meta.stream.Util$ in JavaFX Application Thread - workaround for image, lossless: true filetype: png img: javafx.scene.image.Image@4c770a75
2023-11-13 13:44:49,545 [INFO] from com.jpro.meta.stream.Util$ in JavaFX Application Thread - workaround for image, lossless: true filetype: png img: javafx.scene.image.Image@7f474707
2023-11-13 13:44:49,564 [INFO] from com.jpro.meta.stream.Util$ in JavaFX Application Thread - workaround for image, lossless: true filetype: png img: javafx.scene.image.Image@ecbe38b
2023-11-13 13:44:49,594 [INFO] from com.jpro.meta.stream.Util$ in JavaFX Application Thread - workaround for image, lossless: true filetype: png img: javafx.scene.image.Image@7f68f01
2023-11-13 13:44:49,621 [INFO] from com.jpro.meta.stream.Util$ in JavaFX Application Thread - workaround for image, lossless: true filetype: png img: javafx.scene.image.Image@40bff4ef
2023-11-13 13:44:49,641 [INFO] from com.jpro.meta.stream.Util$ in JavaFX Application Thread - workaround for image, lossless: true filetype: png img: javafx.scene.image.Image@6c9d3c83
2023-11-13 13:44:49,669 [INFO] from com.jpro.meta.stream.Util$ in JavaFX Application Thread - workaround for image, lossless: true filetype: png img: javafx.scene.image.Image@de90da6
2023-11-13 13:44:49,700 [INFO] from com.jpro.meta.stream.Util$ in JavaFX Application Thread - workaround for image, lossless: true filetype: png img: javafx.scene.image.Image@1ae4d1eb
2023-11-13 13:44:49,735 [INFO] from com.jpro.meta.stream.Util$ in JavaFX Application Thread - workaround for image, lossless: true filetype: png img: javafx.scene.image.Image@2f00b692
2023-11-13 13:44:49,763 [INFO] from com.jpro.meta.stream.Util$ in JavaFX Application Thread - workaround for image, lossless: true filetype: png img: javafx.scene.image.Image@64522a89
2023-11-13 13:44:49,801 [INFO] from com.jpro.meta.stream.Util$ in JavaFX Application Thread - workaround for image, lossless: true filetype: png img: javafx.scene.image.Image@6235921a
2023-11-13 13:44:49,829 [INFO] from com.jpro.meta.stream.Util$ in JavaFX Application Thread - workaround for image, lossless: true filetype: png img: javafx.scene.image.Image@1aa307ce
2023-11-13 13:44:49,858 [INFO] from com.jpro.meta.stream.Util$ in JavaFX Application Thread - workaround for image, lossless: true filetype: png img: javafx.scene.image.Image@49379b22
2023-11-13 13:44:49,891 [INFO] from com.jpro.meta.stream.Util$ in JavaFX Application Thread - workaround for image, lossless: true filetype: png img: javafx.scene.image.Image@295daeb0
2023-11-13 13:44:49,907 [INFO] from com.jpro.meta.stream.Util$ in JavaFX Application Thread - workaround for image, lossless: true filetype: png img: javafx.scene.image.Image@3a0558ec
2023-11-13 13:44:49,932 [INFO] from com.jpro.meta.stream.Util$ in JavaFX Application Thread - workaround for image, lossless: true filetype: png img: javafx.scene.image.Image@731bb1e
2023-11-13 13:44:49,961 [INFO] from com.jpro.meta.stream.Util$ in JavaFX Application Thread - workaround for image, lossless: true filetype: png img: javafx.scene.image.Image@2bcf0a5b
2023-11-13 13:44:49,988 [INFO] from com.jpro.meta.stream.Util$ in JavaFX Application Thread - workaround for image, lossless: true filetype: png img: javafx.scene.image.Image@2643eca0
2023-11-13 13:44:50,009 [INFO] from com.jpro.meta.stream.Util$ in JavaFX Application Thread - workaround for image, lossless: true filetype: png img: javafx.scene.image.Image@19e36829
2023-11-13 13:44:50,035 [INFO] from com.jpro.meta.stream.Util$ in JavaFX Application Thread - workaround for image, lossless: true filetype: png img: javafx.scene.image.Image@768015ca
2023-11-13 13:44:50,052 [INFO] from com.jpro.meta.stream.Util$ in JavaFX Application Thread - workaround for image, lossless: true filetype: png img: javafx.scene.image.Image@5df42ab6
2023-11-13 13:44:50,077 [INFO] from com.jpro.meta.stream.Util$ in JavaFX Application Thread - workaround for image, lossless: true filetype: png img: javafx.scene.image.Image@99a4822
2023-11-13 13:44:50,112 [INFO] from com.jpro.meta.stream.Util$ in JavaFX Application Thread - workaround for image, lossless: true filetype: png img: javafx.scene.image.Image@633cd551
2023-11-13 13:44:50,145 [INFO] from com.jpro.meta.stream.Util$ in JavaFX Application Thread - workaround for image, lossless: true filetype: png img: javafx.scene.image.Image@6b456901
2023-11-13 13:45:05,496 [INFO] from com.jpro.internal.stats.ViewInfo$ in JavaFX Application Thread - [JPro] -> View closed: {app_name: default, host_name: localhost:8080, instance_id: 368740950, browser: Microsoft Edge 119.0.0.0, browser_url: http://localhost:8080/, client_ip: 0:0:0:0:0:0:0:1, reason: tab-closed}
2023-11-13 13:45:05,502 [INFO] from com.jpro.internal.stats.ViewInfo$ in JavaFX Application Thread - 
2023-11-13 13:45:05,502 [INFO] from com.jpro.internal.stats.ViewInfo$ in JavaFX Application Thread - Application closed:
2023-11-13 13:45:05,507 [INFO] from com.jpro.internal.stats.ViewInfo$ in JavaFX Application Thread - startTime      : Mon Nov 13 13:45:05 ICT 2023      
2023-11-13 13:45:05,507 [INFO] from com.jpro.internal.stats.ViewInfo$ in JavaFX Application Thread - averageLatency : 00:00:00.000 
2023-11-13 13:45:05,507 [INFO] from com.jpro.internal.stats.ViewInfo$ in JavaFX Application Thread - averageJitter  : 00:00:00.000  
2023-11-13 13:45:05,508 [INFO] from com.jpro.internal.stats.ViewInfo$ in JavaFX Application Thread - framerateServer: 00:00:00.000
2023-11-13 13:45:05,508 [INFO] from com.jpro.internal.stats.ViewInfo$ in JavaFX Application Thread - framerateClient: 00:00:00.000
2023-11-13 13:45:05,508 [INFO] from com.jpro.internal.stats.ViewInfo$ in JavaFX Application Thread - raw            : 1010448
2023-11-13 13:45:05,508 [INFO] from com.jpro.internal.stats.ViewInfo$ in JavaFX Application Thread - zipped         : 161784
2023-11-13 13:45:05,508 [INFO] from com.jpro.internal.stats.ViewInfo$ in JavaFX Application Thread - 
2023-11-13 13:45:06,497 [INFO] from com.jpro.internal.communicator.InstanceImpl in JavaFX Application Thread - [JPro] -> Instance closed: {app_name: default, host_name: localhost:8080, instance_id: 368740950, browser: Microsoft Edge 119.0.0.0, browser_url: http://localhost:8080/, client_ip: 0:0:0:0:0:0:0:1, reason: close-tab-closed}
